<?xml version="1.0" encoding="UTF-8"?>
<!-- Generated by org.testng.reporters.JUnitXMLReporter -->
<testsuite hostname="ASDW1256" name="Default test" tests="5" failures="0" timestamp="25 Jul 2018 05:43:43 GMT" time="15.905" errors="0">
  <testcase name="Step01_Launch_Application" time="3.239" classname="com.qait.acs.tests.TestFirst"/>
  <testcase name="Step02_BasicCourse" time="0.252" classname="com.qait.acs.tests.TestFirst"/>
  <testcase name="Step03_GridGate" time="0.485" classname="com.qait.acs.tests.TestFirst"/>
  <testcase name="Step04_FrameDungeon" time="2.169" classname="com.qait.acs.tests.TestFirst"/>
  <testcase name="Step05_DragAndDrop" time="0.384" classname="com.qait.acs.tests.TestFirst"/>
</testsuite> <!-- Default test -->
