<?xml version="1.0" encoding="UTF-8"?>
<!-- Generated by org.testng.reporters.JUnitXMLReporter -->
<testsuite hostname="DLLA0554" name="Content Browse Template" tests="4" failures="0" timestamp="25 Oct 2016 08:33:56 GMT" time="41.538" errors="0">
  <testcase name="Step_01_PrintUsername" time="10.009" classname="com.qait.acs.tests.ContentBrowse"/>
  <testcase name="Step_01_PrintUsername" time="10.012" classname="com.qait.acs.tests.ContentBrowse"/>
  <testcase name="Step_01_PrintUsername" time="10.002" classname="com.qait.acs.tests.ContentBrowse"/>
  <testcase name="Step_01_PrintUsername" time="10.003" classname="com.qait.acs.tests.ContentBrowse"/>
</testsuite> <!-- Content Browse Template -->
